\BOOKMARK [0][-]{Doc-Start}{Dedicatoria}{}% 1
\BOOKMARK [0][-]{Doc-Start}{Agradecimientos}{}% 2
\BOOKMARK [0][-]{Doc-Start}{Resumen}{}% 3
\BOOKMARK [0][-]{Doc-Start}{Abstract}{}% 4
\BOOKMARK [0][-]{Doc-Start}{Lista de s\355mbolos}{}% 5
\BOOKMARK [0][-]{chapter*.1}{\315ndice de Figuras}{}% 6
\BOOKMARK [0][-]{chapter*.2}{\315ndice de Tablas}{}% 7
\BOOKMARK [0][-]{chapter.1}{Record laboral}{}% 8
\BOOKMARK [1][-]{section.1.1}{Imagina Technologies}{chapter.1}% 9
\BOOKMARK [2][-]{subsection.1.1.1}{Cargo desempe\361ado}{section.1.1}% 10
\BOOKMARK [2][-]{subsection.1.1.2}{Descripci\363n del cargo desempe\361ado}{section.1.1}% 11
\BOOKMARK [2][-]{subsection.1.1.3}{Lugar y fecha}{section.1.1}% 12
\BOOKMARK [1][-]{section.1.2}{Everis}{chapter.1}% 13
\BOOKMARK [2][-]{subsection.1.2.1}{Cargo desempe\361ado}{section.1.2}% 14
\BOOKMARK [2][-]{subsection.1.2.2}{Descripci\363n del cargo desempe\361ado}{section.1.2}% 15
\BOOKMARK [2][-]{subsection.1.2.3}{Lugar y fecha}{section.1.2}% 16
\BOOKMARK [1][-]{section.1.3}{Level33}{chapter.1}% 17
\BOOKMARK [2][-]{subsection.1.3.1}{Cargo desempe\361ado}{section.1.3}% 18
\BOOKMARK [2][-]{subsection.1.3.2}{Descripci\363n del cargo desempe\361ado}{section.1.3}% 19
\BOOKMARK [2][-]{subsection.1.3.3}{Lugar y fecha}{section.1.3}% 20
\BOOKMARK [1][-]{section.1.4}{BrScan}{chapter.1}% 21
\BOOKMARK [2][-]{subsection.1.4.1}{Cargo desempe\361ado}{section.1.4}% 22
\BOOKMARK [2][-]{subsection.1.4.2}{Descripci\363n del cargo desempe\361ado}{section.1.4}% 23
\BOOKMARK [2][-]{subsection.1.4.3}{Lugar y fecha}{section.1.4}% 24
\BOOKMARK [0][-]{chapter.2}{Memoria descriptiva}{}% 25
\BOOKMARK [1][-]{section.2.1}{Imagina Technologies}{chapter.2}% 26
\BOOKMARK [2][-]{subsection.2.1.1}{Descripci\363n de la empresa}{section.2.1}% 27
\BOOKMARK [2][-]{subsection.2.1.2}{Web de la empresa}{section.2.1}% 28
\BOOKMARK [2][-]{subsection.2.1.3}{Nombre del \341rea}{section.2.1}% 29
\BOOKMARK [2][-]{subsection.2.1.4}{Nombre del cargo}{section.2.1}% 30
\BOOKMARK [3][-]{subsubsection.2.1.4.1}{Descripci\363n del cargo ocupado dentro de la empresa}{subsection.2.1.4}% 31
\BOOKMARK [3][-]{subsubsection.2.1.4.2}{Actividades desarrolladas en la empresa}{subsection.2.1.4}% 32
\BOOKMARK [3][-]{subsubsection.2.1.4.3}{Logros obtenidos dentro de la empresa}{subsection.2.1.4}% 33
\BOOKMARK [3][-]{subsubsection.2.1.4.4}{Resultados obtenidos dentro de la empresa}{subsection.2.1.4}% 34
\BOOKMARK [2][-]{subsection.2.1.5}{Datos del jefe inmediato superior}{section.2.1}% 35
\BOOKMARK [3][-]{subsubsection.2.1.5.1}{Nombres y apellidos}{subsection.2.1.5}% 36
\BOOKMARK [3][-]{subsubsection.2.1.5.2}{Cargo}{subsection.2.1.5}% 37
\BOOKMARK [3][-]{subsubsection.2.1.5.3}{Correo electr\363nico}{subsection.2.1.5}% 38
\BOOKMARK [3][-]{subsubsection.2.1.5.4}{Tel\351fono}{subsection.2.1.5}% 39
\BOOKMARK [1][-]{section.2.2}{Everis}{chapter.2}% 40
\BOOKMARK [2][-]{subsection.2.2.1}{Descripci\363n de la empresa}{section.2.2}% 41
\BOOKMARK [2][-]{subsection.2.2.2}{Web de la empresa}{section.2.2}% 42
\BOOKMARK [2][-]{subsection.2.2.3}{Nombre del \341rea}{section.2.2}% 43
\BOOKMARK [2][-]{subsection.2.2.4}{Nombre del cargo}{section.2.2}% 44
\BOOKMARK [3][-]{subsubsection.2.2.4.1}{Descripci\363n del cargo ocupado dentro de la empresa}{subsection.2.2.4}% 45
\BOOKMARK [3][-]{subsubsection.2.2.4.2}{Actividades desarrolladas en la empresa}{subsection.2.2.4}% 46
\BOOKMARK [3][-]{subsubsection.2.2.4.3}{Logros obtenidos dentro de la empresa}{subsection.2.2.4}% 47
\BOOKMARK [3][-]{subsubsection.2.2.4.4}{Resultados obtenidos dentro de la empresa}{subsection.2.2.4}% 48
\BOOKMARK [2][-]{subsection.2.2.5}{Datos del jefe inmediato superior}{section.2.2}% 49
\BOOKMARK [3][-]{subsubsection.2.2.5.1}{Nombres y apellidos}{subsection.2.2.5}% 50
\BOOKMARK [3][-]{subsubsection.2.2.5.2}{Cargo}{subsection.2.2.5}% 51
\BOOKMARK [3][-]{subsubsection.2.2.5.3}{Correo electr\363nico}{subsection.2.2.5}% 52
\BOOKMARK [3][-]{subsubsection.2.2.5.4}{Tel\351fono}{subsection.2.2.5}% 53
\BOOKMARK [1][-]{section.2.3}{Level33}{chapter.2}% 54
\BOOKMARK [2][-]{subsection.2.3.1}{Descripci\363n de la empresa}{section.2.3}% 55
\BOOKMARK [2][-]{subsection.2.3.2}{Web de la empresa}{section.2.3}% 56
\BOOKMARK [2][-]{subsection.2.3.3}{Nombre del \341rea}{section.2.3}% 57
\BOOKMARK [2][-]{subsection.2.3.4}{Nombre del cargo}{section.2.3}% 58
\BOOKMARK [3][-]{subsubsection.2.3.4.1}{Descripci\363n del cargo ocupado dentro de la empresa}{subsection.2.3.4}% 59
\BOOKMARK [3][-]{subsubsection.2.3.4.2}{Actividades desarrolladas en la empresa}{subsection.2.3.4}% 60
\BOOKMARK [3][-]{subsubsection.2.3.4.3}{Logros obtenidos dentro de la empresa}{subsection.2.3.4}% 61
\BOOKMARK [3][-]{subsubsection.2.3.4.4}{Resultados obtenidos dentro de la empresa}{subsection.2.3.4}% 62
\BOOKMARK [2][-]{subsection.2.3.5}{Datos del jefe inmediato superior}{section.2.3}% 63
\BOOKMARK [3][-]{subsubsection.2.3.5.1}{Nombres y apellidos}{subsection.2.3.5}% 64
\BOOKMARK [3][-]{subsubsection.2.3.5.2}{Cargo}{subsection.2.3.5}% 65
\BOOKMARK [3][-]{subsubsection.2.3.5.3}{Correo electr\363nico}{subsection.2.3.5}% 66
\BOOKMARK [3][-]{subsubsection.2.3.5.4}{Tel\351fono}{subsection.2.3.5}% 67
\BOOKMARK [1][-]{section.2.4}{BrScan}{chapter.2}% 68
\BOOKMARK [2][-]{subsection.2.4.1}{Descripci\363n de la empresa}{section.2.4}% 69
\BOOKMARK [2][-]{subsection.2.4.2}{Web de la empresa}{section.2.4}% 70
\BOOKMARK [2][-]{subsection.2.4.3}{Nombre del \341rea}{section.2.4}% 71
\BOOKMARK [2][-]{subsection.2.4.4}{Nombre del cargo}{section.2.4}% 72
\BOOKMARK [3][-]{subsubsection.2.4.4.1}{Descripci\363n del cargo ocupado dentro de la empresa}{subsection.2.4.4}% 73
\BOOKMARK [3][-]{subsubsection.2.4.4.2}{Actividades desarrolladas en la empresa}{subsection.2.4.4}% 74
\BOOKMARK [3][-]{subsubsection.2.4.4.3}{Logros obtenidos dentro de la empresa}{subsection.2.4.4}% 75
\BOOKMARK [3][-]{subsubsection.2.4.4.4}{Resultados obtenidos dentro de la empresa}{subsection.2.4.4}% 76
\BOOKMARK [2][-]{subsection.2.4.5}{Datos del jefe inmediato superior}{section.2.4}% 77
\BOOKMARK [3][-]{subsubsection.2.4.5.1}{Nombres y apellidos}{subsection.2.4.5}% 78
\BOOKMARK [3][-]{subsubsection.2.4.5.2}{Cargo}{subsection.2.4.5}% 79
\BOOKMARK [3][-]{subsubsection.2.4.5.3}{Correo electr\363nico}{subsection.2.4.5}% 80
\BOOKMARK [3][-]{subsubsection.2.4.5.4}{Tel\351fono}{subsection.2.4.5}% 81
\BOOKMARK [0][-]{chapter.3}{Experiencia profesional}{}% 82
\BOOKMARK [1][-]{section.3.1}{Fundamentaci\363n}{chapter.3}% 83
\BOOKMARK [2][-]{subsection.3.1.1}{Realidad problem\341tica}{section.3.1}% 84
\BOOKMARK [2][-]{subsection.3.1.2}{Formulaci\363n del problema}{section.3.1}% 85
\BOOKMARK [2][-]{subsection.3.1.3}{Justificaci\363n practica}{section.3.1}% 86
\BOOKMARK [2][-]{subsection.3.1.4}{Limitaciones}{section.3.1}% 87
\BOOKMARK [2][-]{subsection.3.1.5}{Objetivos}{section.3.1}% 88
\BOOKMARK [3][-]{subsubsection.3.1.5.1}{Generales}{subsection.3.1.5}% 89
\BOOKMARK [3][-]{subsubsection.3.1.5.2}{Espec\355ficos}{subsection.3.1.5}% 90
\BOOKMARK [2][-]{subsection.3.1.6}{Planteamiento de la soluci\363n}{section.3.1}% 91
\BOOKMARK [2][-]{subsection.3.1.7}{An\341lisis de Viabilidad \(Operativa, econ\363mica, tecnol\363gica, social, etc.\)}{section.3.1}% 92
\BOOKMARK [2][-]{subsection.3.1.8}{Recursos \(Humanos, Hardware, Software, Materiales, Servicios\)}{section.3.1}% 93
\BOOKMARK [2][-]{subsection.3.1.9}{Presupuesto}{section.3.1}% 94
\BOOKMARK [2][-]{subsection.3.1.10}{Cronograma}{section.3.1}% 95
\BOOKMARK [1][-]{section.3.2}{Desarrollo de la soluci\363n}{chapter.3}% 96
\BOOKMARK [2][-]{subsection.3.2.1}{Problemas combinatorios}{section.3.2}% 97
\BOOKMARK [2][-]{subsection.3.2.2}{Heur\355sticas y metaheur\355sticas}{section.3.2}% 98
\BOOKMARK [2][-]{subsection.3.2.3}{Sustentabilidad}{section.3.2}% 99
\BOOKMARK [2][-]{subsection.3.2.4}{Log\355stica directa y reversa}{section.3.2}% 100
\BOOKMARK [3][-]{subsubsection.3.2.4.1}{Log\355stica directa}{subsection.3.2.4}% 101
\BOOKMARK [3][-]{subsubsection.3.2.4.2}{Log\355stica reversa}{subsection.3.2.4}% 102
\BOOKMARK [3][-]{subsubsection.3.2.4.3}{Modelos}{subsection.3.2.4}% 103
\BOOKMARK [2][-]{subsection.3.2.5}{Modelamiento y ruteo }{section.3.2}% 104
\BOOKMARK [3][-]{subsubsection.3.2.5.1}{Modelos utilizados en los problemas de ruteo de veh\355culo }{subsection.3.2.5}% 105
\BOOKMARK [0][-]{chapter.4}{Resultados obtenidos con la experiencia profesional en la empresa}{}% 106
\BOOKMARK [1][-]{section.4.1}{Te\363ricos y/o acad\351mico}{chapter.4}% 107
\BOOKMARK [1][-]{section.4.2}{Resultados computacionales y/o aplicativa y/o valorativo.}{chapter.4}% 108
\BOOKMARK [0][-]{chapter.5}{Consideraciones finales}{}% 109
\BOOKMARK [1][-]{section.5.1}{Conclusiones}{chapter.5}% 110
\BOOKMARK [1][-]{section.5.2}{Recomendaciones}{chapter.5}% 111
\BOOKMARK [1][-]{section.5.3}{Evaluaci\363n cr\355tica de su formaci\363n universitaria respecto a la labor que se describe}{chapter.5}% 112
